2018-08-29 20:07:13.119 [http-nio-8080-exec-9] INFO  com.zxh.myBlog.controller.admin.IndexController - Enter admin index ...
2018-08-29 20:07:13.120 [http-nio-8080-exec-9] DEBUG com.zxh.myBlog.service.impl.SiteServiceImpl - Enter recentComments method:limit=5
2018-08-29 20:07:14.034 [http-nio-8080-exec-9] DEBUG com.zxh.myBlog.service.impl.SiteServiceImpl - Exit recentComments method
2018-08-29 20:07:14.034 [http-nio-8080-exec-9] DEBUG com.zxh.myBlog.service.impl.SiteServiceImpl - Enter recentContents method:limit=5
2018-08-29 20:07:14.675 [http-nio-8080-exec-9] DEBUG com.zxh.myBlog.service.impl.SiteServiceImpl - Exit recentContents method
2018-08-29 20:07:14.675 [http-nio-8080-exec-9] INFO  com.zxh.myBlog.service.impl.SiteServiceImpl - GET Statics info ...
2018-08-29 20:07:15.955 [http-nio-8080-exec-9] DEBUG com.zxh.myBlog.service.impl.SiteServiceImpl - Exit getStatistics method
2018-08-29 20:07:15.955 [http-nio-8080-exec-9] DEBUG com.zxh.myBlog.service.impl.LogServiceImpl - Enter getLogs method:page=1,linit=5
2018-08-29 20:07:16.532 [http-nio-8080-exec-9] DEBUG com.zxh.myBlog.service.impl.LogServiceImpl - Exit getLogs method
2018-08-29 20:07:16.532 [http-nio-8080-exec-9] INFO  com.zxh.myBlog.controller.admin.IndexController - Exit admin index method
2018-08-29 20:07:17.131 [http-nio-8080-exec-10] INFO  com.zxh.myBlog.controller.admin.IndexController - Enter admin index ...
2018-08-29 20:07:17.132 [http-nio-8080-exec-10] DEBUG com.zxh.myBlog.service.impl.SiteServiceImpl - Enter recentComments method:limit=5
2018-08-29 20:07:17.390 [http-nio-8080-exec-10] DEBUG com.zxh.myBlog.service.impl.SiteServiceImpl - Exit recentComments method
2018-08-29 20:07:17.390 [http-nio-8080-exec-10] DEBUG com.zxh.myBlog.service.impl.SiteServiceImpl - Enter recentContents method:limit=5
2018-08-29 20:07:17.926 [http-nio-8080-exec-10] DEBUG com.zxh.myBlog.service.impl.SiteServiceImpl - Exit recentContents method
2018-08-29 20:07:17.926 [http-nio-8080-exec-10] INFO  com.zxh.myBlog.service.impl.SiteServiceImpl - GET Statics info ...
2018-08-29 20:07:18.967 [http-nio-8080-exec-10] DEBUG com.zxh.myBlog.service.impl.SiteServiceImpl - Exit getStatistics method
2018-08-29 20:07:18.967 [http-nio-8080-exec-10] DEBUG com.zxh.myBlog.service.impl.LogServiceImpl - Enter getLogs method:page=1,linit=5
2018-08-29 20:07:19.507 [http-nio-8080-exec-10] DEBUG com.zxh.myBlog.service.impl.LogServiceImpl - Exit getLogs method
2018-08-29 20:07:19.507 [http-nio-8080-exec-10] INFO  com.zxh.myBlog.controller.admin.IndexController - Exit admin index method
2018-08-29 20:10:10.805 [http-nio-8080-exec-1] INFO  com.zxh.myBlog.controller.admin.IndexController - Enter admin index ...
2018-08-29 20:10:10.805 [http-nio-8080-exec-1] DEBUG com.zxh.myBlog.service.impl.SiteServiceImpl - Enter recentComments method:limit=5
2018-08-29 20:10:11.065 [http-nio-8080-exec-1] DEBUG com.zxh.myBlog.service.impl.SiteServiceImpl - Exit recentComments method
2018-08-29 20:10:11.065 [http-nio-8080-exec-1] DEBUG com.zxh.myBlog.service.impl.SiteServiceImpl - Enter recentContents method:limit=5
2018-08-29 20:10:11.619 [http-nio-8080-exec-1] DEBUG com.zxh.myBlog.service.impl.SiteServiceImpl - Exit recentContents method
2018-08-29 20:10:11.619 [http-nio-8080-exec-1] INFO  com.zxh.myBlog.service.impl.SiteServiceImpl - GET Statics info ...
2018-08-29 20:10:12.657 [http-nio-8080-exec-1] DEBUG com.zxh.myBlog.service.impl.SiteServiceImpl - Exit getStatistics method
2018-08-29 20:10:12.657 [http-nio-8080-exec-1] DEBUG com.zxh.myBlog.service.impl.LogServiceImpl - Enter getLogs method:page=1,linit=5
2018-08-29 20:10:13.186 [http-nio-8080-exec-1] DEBUG com.zxh.myBlog.service.impl.LogServiceImpl - Exit getLogs method
2018-08-29 20:10:13.186 [http-nio-8080-exec-1] INFO  com.zxh.myBlog.controller.admin.IndexController - Exit admin index method
2018-08-29 20:52:53.805 [http-nio-8080-exec-1] INFO  com.zxh.myBlog.controller.admin.IndexController - Enter admin index ...
2018-08-29 20:52:53.806 [http-nio-8080-exec-1] DEBUG com.zxh.myBlog.service.impl.SiteServiceImpl - Enter recentComments method:limit=5
2018-08-29 20:52:54.382 [http-nio-8080-exec-1] DEBUG com.zxh.myBlog.service.impl.SiteServiceImpl - Exit recentComments method
2018-08-29 20:52:54.383 [http-nio-8080-exec-1] DEBUG com.zxh.myBlog.service.impl.SiteServiceImpl - Enter recentContents method:limit=5
2018-08-29 20:52:55.316 [http-nio-8080-exec-1] DEBUG com.zxh.myBlog.service.impl.SiteServiceImpl - Exit recentContents method
2018-08-29 20:52:55.316 [http-nio-8080-exec-1] INFO  com.zxh.myBlog.service.impl.SiteServiceImpl - GET Statics info ...
2018-08-29 20:52:57.991 [http-nio-8080-exec-1] DEBUG com.zxh.myBlog.service.impl.SiteServiceImpl - Exit getStatistics method
2018-08-29 20:52:57.991 [http-nio-8080-exec-1] DEBUG com.zxh.myBlog.service.impl.LogServiceImpl - Enter getLogs method:page=1,linit=5
2018-08-29 20:52:59.011 [http-nio-8080-exec-1] DEBUG com.zxh.myBlog.service.impl.LogServiceImpl - Exit getLogs method
2018-08-29 20:52:59.011 [http-nio-8080-exec-1] INFO  com.zxh.myBlog.controller.admin.IndexController - Exit admin index method
2018-08-29 21:12:00.550 [http-nio-8080-exec-5] INFO  com.zxh.myBlog.controller.admin.IndexController - Enter admin index ...
2018-08-29 21:12:00.550 [http-nio-8080-exec-5] DEBUG com.zxh.myBlog.service.impl.SiteServiceImpl - Enter recentComments method:limit=5
2018-08-29 21:12:00.876 [http-nio-8080-exec-5] DEBUG com.zxh.myBlog.service.impl.SiteServiceImpl - Exit recentComments method
2018-08-29 21:12:00.876 [http-nio-8080-exec-5] DEBUG com.zxh.myBlog.service.impl.SiteServiceImpl - Enter recentContents method:limit=5
2018-08-29 21:12:01.510 [http-nio-8080-exec-5] DEBUG com.zxh.myBlog.service.impl.SiteServiceImpl - Exit recentContents method
2018-08-29 21:12:01.510 [http-nio-8080-exec-5] INFO  com.zxh.myBlog.service.impl.SiteServiceImpl - GET Statics info ...
2018-08-29 21:12:02.694 [http-nio-8080-exec-5] DEBUG com.zxh.myBlog.service.impl.SiteServiceImpl - Exit getStatistics method
2018-08-29 21:12:02.695 [http-nio-8080-exec-5] DEBUG com.zxh.myBlog.service.impl.LogServiceImpl - Enter getLogs method:page=1,linit=5
2018-08-29 21:12:03.330 [http-nio-8080-exec-5] DEBUG com.zxh.myBlog.service.impl.LogServiceImpl - Exit getLogs method
2018-08-29 21:12:03.330 [http-nio-8080-exec-5] INFO  com.zxh.myBlog.controller.admin.IndexController - Exit admin index method
2018-08-29 21:12:04.603 [http-nio-8080-exec-6] INFO  com.zxh.myBlog.controller.admin.IndexController - Enter admin index ...
2018-08-29 21:12:04.604 [http-nio-8080-exec-6] DEBUG com.zxh.myBlog.service.impl.SiteServiceImpl - Enter recentComments method:limit=5
2018-08-29 21:12:04.910 [http-nio-8080-exec-6] DEBUG com.zxh.myBlog.service.impl.SiteServiceImpl - Exit recentComments method
2018-08-29 21:12:04.911 [http-nio-8080-exec-6] DEBUG com.zxh.myBlog.service.impl.SiteServiceImpl - Enter recentContents method:limit=5
2018-08-29 21:12:05.534 [http-nio-8080-exec-6] DEBUG com.zxh.myBlog.service.impl.SiteServiceImpl - Exit recentContents method
2018-08-29 21:12:05.534 [http-nio-8080-exec-6] INFO  com.zxh.myBlog.service.impl.SiteServiceImpl - GET Statics info ...
2018-08-29 21:12:06.750 [http-nio-8080-exec-6] DEBUG com.zxh.myBlog.service.impl.SiteServiceImpl - Exit getStatistics method
2018-08-29 21:12:06.750 [http-nio-8080-exec-6] DEBUG com.zxh.myBlog.service.impl.LogServiceImpl - Enter getLogs method:page=1,linit=5
2018-08-29 21:12:07.331 [http-nio-8080-exec-6] DEBUG com.zxh.myBlog.service.impl.LogServiceImpl - Exit getLogs method
2018-08-29 21:12:07.331 [http-nio-8080-exec-6] INFO  com.zxh.myBlog.controller.admin.IndexController - Exit admin index method
2018-08-29 21:26:53.762 [http-nio-8080-exec-5] INFO  com.zxh.myBlog.controller.admin.IndexController - Enter admin index ...
2018-08-29 21:26:53.762 [http-nio-8080-exec-5] DEBUG com.zxh.myBlog.service.impl.SiteServiceImpl - Enter recentComments method:limit=5
2018-08-29 21:26:54.135 [http-nio-8080-exec-5] DEBUG com.zxh.myBlog.service.impl.SiteServiceImpl - Exit recentComments method
2018-08-29 21:26:54.135 [http-nio-8080-exec-5] DEBUG com.zxh.myBlog.service.impl.SiteServiceImpl - Enter recentContents method:limit=5
2018-08-29 21:26:54.810 [http-nio-8080-exec-5] DEBUG com.zxh.myBlog.service.impl.SiteServiceImpl - Exit recentContents method
2018-08-29 21:26:54.811 [http-nio-8080-exec-5] INFO  com.zxh.myBlog.service.impl.SiteServiceImpl - GET Statics info ...
2018-08-29 21:26:56.152 [http-nio-8080-exec-5] DEBUG com.zxh.myBlog.service.impl.SiteServiceImpl - Exit getStatistics method
2018-08-29 21:26:56.152 [http-nio-8080-exec-5] DEBUG com.zxh.myBlog.service.impl.LogServiceImpl - Enter getLogs method:page=1,linit=5
2018-08-29 21:26:56.828 [http-nio-8080-exec-5] DEBUG com.zxh.myBlog.service.impl.LogServiceImpl - Exit getLogs method
2018-08-29 21:26:56.828 [http-nio-8080-exec-5] INFO  com.zxh.myBlog.controller.admin.IndexController - Exit admin index method
2018-08-29 21:26:57.775 [http-nio-8080-exec-6] INFO  com.zxh.myBlog.controller.admin.IndexController - Enter admin index ...
2018-08-29 21:26:57.776 [http-nio-8080-exec-6] DEBUG com.zxh.myBlog.service.impl.SiteServiceImpl - Enter recentComments method:limit=5
2018-08-29 21:26:58.123 [http-nio-8080-exec-6] DEBUG com.zxh.myBlog.service.impl.SiteServiceImpl - Exit recentComments method
2018-08-29 21:26:58.123 [http-nio-8080-exec-6] DEBUG com.zxh.myBlog.service.impl.SiteServiceImpl - Enter recentContents method:limit=5
2018-08-29 21:26:58.871 [http-nio-8080-exec-6] DEBUG com.zxh.myBlog.service.impl.SiteServiceImpl - Exit recentContents method
2018-08-29 21:26:58.871 [http-nio-8080-exec-6] INFO  com.zxh.myBlog.service.impl.SiteServiceImpl - GET Statics info ...
2018-08-29 21:27:00.342 [http-nio-8080-exec-6] DEBUG com.zxh.myBlog.service.impl.SiteServiceImpl - Exit getStatistics method
2018-08-29 21:27:00.342 [http-nio-8080-exec-6] DEBUG com.zxh.myBlog.service.impl.LogServiceImpl - Enter getLogs method:page=1,linit=5
2018-08-29 21:27:01.161 [http-nio-8080-exec-6] DEBUG com.zxh.myBlog.service.impl.LogServiceImpl - Exit getLogs method
2018-08-29 21:27:01.161 [http-nio-8080-exec-6] INFO  com.zxh.myBlog.controller.admin.IndexController - Exit admin index method
2018-08-29 21:30:24.436 [http-nio-8080-exec-5] INFO  com.zxh.myBlog.controller.admin.IndexController - Enter admin index ...
2018-08-29 21:30:24.436 [http-nio-8080-exec-5] DEBUG com.zxh.myBlog.service.impl.SiteServiceImpl - Enter recentComments method:limit=5
2018-08-29 21:30:24.757 [http-nio-8080-exec-5] DEBUG com.zxh.myBlog.service.impl.SiteServiceImpl - Exit recentComments method
2018-08-29 21:30:24.757 [http-nio-8080-exec-5] DEBUG com.zxh.myBlog.service.impl.SiteServiceImpl - Enter recentContents method:limit=5
2018-08-29 21:30:25.397 [http-nio-8080-exec-5] DEBUG com.zxh.myBlog.service.impl.SiteServiceImpl - Exit recentContents method
2018-08-29 21:30:25.397 [http-nio-8080-exec-5] INFO  com.zxh.myBlog.service.impl.SiteServiceImpl - GET Statics info ...
2018-08-29 21:30:26.655 [http-nio-8080-exec-5] DEBUG com.zxh.myBlog.service.impl.SiteServiceImpl - Exit getStatistics method
2018-08-29 21:30:26.655 [http-nio-8080-exec-5] DEBUG com.zxh.myBlog.service.impl.LogServiceImpl - Enter getLogs method:page=1,linit=5
2018-08-29 21:30:27.258 [http-nio-8080-exec-5] DEBUG com.zxh.myBlog.service.impl.LogServiceImpl - Exit getLogs method
2018-08-29 21:30:27.258 [http-nio-8080-exec-5] INFO  com.zxh.myBlog.controller.admin.IndexController - Exit admin index method
2018-08-29 21:37:03.779 [http-nio-8080-exec-6] INFO  com.zxh.myBlog.controller.admin.IndexController - Enter admin index ...
2018-08-29 21:37:03.779 [http-nio-8080-exec-6] DEBUG com.zxh.myBlog.service.impl.SiteServiceImpl - Enter recentComments method:limit=5
2018-08-29 21:37:04.144 [http-nio-8080-exec-6] DEBUG com.zxh.myBlog.service.impl.SiteServiceImpl - Exit recentComments method
2018-08-29 21:37:04.144 [http-nio-8080-exec-6] DEBUG com.zxh.myBlog.service.impl.SiteServiceImpl - Enter recentContents method:limit=5
2018-08-29 21:37:04.780 [http-nio-8080-exec-6] DEBUG com.zxh.myBlog.service.impl.SiteServiceImpl - Exit recentContents method
2018-08-29 21:37:04.780 [http-nio-8080-exec-6] INFO  com.zxh.myBlog.service.impl.SiteServiceImpl - GET Statics info ...
2018-08-29 21:37:10.981 [http-nio-8080-exec-7] INFO  com.zxh.myBlog.controller.admin.IndexController - Enter admin index ...
2018-08-29 21:37:10.982 [http-nio-8080-exec-7] DEBUG com.zxh.myBlog.service.impl.SiteServiceImpl - Enter recentComments method:limit=5
2018-08-29 21:37:10.983 [http-nio-8080-exec-6] DEBUG com.zxh.myBlog.service.impl.SiteServiceImpl - Exit getStatistics method
2018-08-29 21:37:10.983 [http-nio-8080-exec-6] DEBUG com.zxh.myBlog.service.impl.LogServiceImpl - Enter getLogs method:page=1,linit=5
2018-08-29 21:37:11.288 [http-nio-8080-exec-7] DEBUG com.zxh.myBlog.service.impl.SiteServiceImpl - Exit recentComments method
2018-08-29 21:37:11.288 [http-nio-8080-exec-7] DEBUG com.zxh.myBlog.service.impl.SiteServiceImpl - Enter recentContents method:limit=5
2018-08-29 21:37:11.626 [http-nio-8080-exec-6] DEBUG com.zxh.myBlog.service.impl.LogServiceImpl - Exit getLogs method
2018-08-29 21:37:11.626 [http-nio-8080-exec-6] INFO  com.zxh.myBlog.controller.admin.IndexController - Exit admin index method
2018-08-29 21:37:11.882 [http-nio-8080-exec-7] DEBUG com.zxh.myBlog.service.impl.SiteServiceImpl - Exit recentContents method
2018-08-29 21:37:11.883 [http-nio-8080-exec-7] INFO  com.zxh.myBlog.service.impl.SiteServiceImpl - GET Statics info ...
2018-08-29 21:37:13.040 [http-nio-8080-exec-7] DEBUG com.zxh.myBlog.service.impl.SiteServiceImpl - Exit getStatistics method
2018-08-29 21:37:13.040 [http-nio-8080-exec-7] DEBUG com.zxh.myBlog.service.impl.LogServiceImpl - Enter getLogs method:page=1,linit=5
2018-08-29 21:37:13.645 [http-nio-8080-exec-7] DEBUG com.zxh.myBlog.service.impl.LogServiceImpl - Exit getLogs method
2018-08-29 21:37:13.645 [http-nio-8080-exec-7] INFO  com.zxh.myBlog.controller.admin.IndexController - Exit admin index method
2018-08-29 21:50:32.715 [http-nio-8080-exec-6] INFO  com.zxh.myBlog.controller.admin.IndexController - Enter admin index ...
2018-08-29 21:50:32.715 [http-nio-8080-exec-6] DEBUG com.zxh.myBlog.service.impl.SiteServiceImpl - Enter recentComments method:limit=5
2018-08-29 21:50:33.035 [http-nio-8080-exec-6] DEBUG com.zxh.myBlog.service.impl.SiteServiceImpl - Exit recentComments method
2018-08-29 21:50:33.035 [http-nio-8080-exec-6] DEBUG com.zxh.myBlog.service.impl.SiteServiceImpl - Enter recentContents method:limit=5
2018-08-29 21:50:33.658 [http-nio-8080-exec-6] DEBUG com.zxh.myBlog.service.impl.SiteServiceImpl - Exit recentContents method
2018-08-29 21:50:33.658 [http-nio-8080-exec-6] INFO  com.zxh.myBlog.service.impl.SiteServiceImpl - GET Statics info ...
2018-08-29 21:50:34.878 [http-nio-8080-exec-6] DEBUG com.zxh.myBlog.service.impl.SiteServiceImpl - Exit getStatistics method
2018-08-29 21:50:34.878 [http-nio-8080-exec-6] DEBUG com.zxh.myBlog.service.impl.LogServiceImpl - Enter getLogs method:page=1,linit=5
2018-08-29 21:50:35.517 [http-nio-8080-exec-6] DEBUG com.zxh.myBlog.service.impl.LogServiceImpl - Exit getLogs method
2018-08-29 21:50:35.517 [http-nio-8080-exec-6] INFO  com.zxh.myBlog.controller.admin.IndexController - Exit admin index method
2018-08-29 21:54:42.540 [http-nio-8080-exec-8] INFO  com.zxh.myBlog.controller.admin.IndexController - Enter admin index ...
2018-08-29 21:54:42.540 [http-nio-8080-exec-8] DEBUG com.zxh.myBlog.service.impl.SiteServiceImpl - Enter recentComments method:limit=5
2018-08-29 21:54:42.847 [http-nio-8080-exec-8] DEBUG com.zxh.myBlog.service.impl.SiteServiceImpl - Exit recentComments method
2018-08-29 21:54:42.847 [http-nio-8080-exec-8] DEBUG com.zxh.myBlog.service.impl.SiteServiceImpl - Enter recentContents method:limit=5
2018-08-29 21:54:43.448 [http-nio-8080-exec-8] DEBUG com.zxh.myBlog.service.impl.SiteServiceImpl - Exit recentContents method
2018-08-29 21:54:43.448 [http-nio-8080-exec-8] INFO  com.zxh.myBlog.service.impl.SiteServiceImpl - GET Statics info ...
2018-08-29 21:54:44.659 [http-nio-8080-exec-8] DEBUG com.zxh.myBlog.service.impl.SiteServiceImpl - Exit getStatistics method
2018-08-29 21:54:44.659 [http-nio-8080-exec-8] DEBUG com.zxh.myBlog.service.impl.LogServiceImpl - Enter getLogs method:page=1,linit=5
2018-08-29 21:54:45.281 [http-nio-8080-exec-8] DEBUG com.zxh.myBlog.service.impl.LogServiceImpl - Exit getLogs method
2018-08-29 21:54:45.281 [http-nio-8080-exec-8] INFO  com.zxh.myBlog.controller.admin.IndexController - Exit admin index method
